<?xml version="1.0" encoding="UTF-8"?>
<!-- Generated by org.testng.reporters.JUnitReportReporter -->
<testsuite hostname="DESKTOP-QSOMC3F" failures="0" tests="1" name="testRunner.TestRunner" time="15.332" errors="0" timestamp="2022-02-27T18:30:44 EET" skipped="0">
  <testcase classname="testRunner.TestRunner" name="runScenario" time="15.332"/>
  <system-out/>
</testsuite> <!-- testRunner.TestRunner -->
